c:\users\plasm\desktop\fyp 541045\final source\opengl\opengl\release\vc140.pdb
c:\users\plasm\desktop\fyp 541045\final source\opengl\opengl\release\transform.obj
c:\users\plasm\desktop\fyp 541045\final source\opengl\opengl\release\texture.obj
c:\users\plasm\desktop\fyp 541045\final source\opengl\opengl\release\shader.obj
c:\users\plasm\desktop\fyp 541045\final source\opengl\opengl\release\obj_loader.obj
c:\users\plasm\desktop\fyp 541045\final source\opengl\opengl\release\mesh.obj
c:\users\plasm\desktop\fyp 541045\final source\opengl\opengl\release\main.obj
c:\users\plasm\desktop\fyp 541045\final source\opengl\opengl\release\fileoutput.obj
c:\users\plasm\desktop\fyp 541045\final source\opengl\opengl\release\display.obj
c:\users\plasm\desktop\fyp 541045\final source\opengl\opengl\release\camera.obj
c:\users\plasm\desktop\fyp 541045\final source\opengl\opengl\release\stb_image.obj
c:\users\plasm\desktop\fyp 541045\final source\opengl\release\opengl.exe
c:\users\plasm\desktop\fyp 541045\final source\opengl\release\opengl.ipdb
c:\users\plasm\desktop\fyp 541045\final source\opengl\release\opengl.iobj
c:\users\plasm\desktop\fyp 541045\final source\opengl\release\opengl.pdb
c:\users\plasm\desktop\fyp 541045\final source\opengl\opengl\release\opengl.tlog\cl.command.1.tlog
c:\users\plasm\desktop\fyp 541045\final source\opengl\opengl\release\opengl.tlog\cl.read.1.tlog
c:\users\plasm\desktop\fyp 541045\final source\opengl\opengl\release\opengl.tlog\cl.write.1.tlog
c:\users\plasm\desktop\fyp 541045\final source\opengl\opengl\release\opengl.tlog\link.command.1.tlog
c:\users\plasm\desktop\fyp 541045\final source\opengl\opengl\release\opengl.tlog\link.read.1.tlog
c:\users\plasm\desktop\fyp 541045\final source\opengl\opengl\release\opengl.tlog\link.write.1.tlog
