display.obj : error LNK2001: unresolved external symbol SDL_GL_SwapWindow
display.obj : error LNK2001: unresolved external symbol SDL_GL_DeleteContext
display.obj : error LNK2001: unresolved external symbol SDL_Init
display.obj : error LNK2001: unresolved external symbol SDL_DestroyWindow
display.obj : error LNK2001: unresolved external symbol SDL_Quit
display.obj : error LNK2001: unresolved external symbol SDL_GL_SetAttribute
display.obj : error LNK2001: unresolved external symbol SDL_GL_CreateContext
display.obj : error LNK2001: unresolved external symbol SDL_PollEvent
display.obj : error LNK2001: unresolved external symbol SDL_CreateWindow
display.obj : error LNK2001: unresolved external symbol __imp_glewInit
mesh.obj : error LNK2001: unresolved external symbol __imp___glewEnableVertexAttribArray
mesh.obj : error LNK2001: unresolved external symbol __imp___glewBindVertexArray
mesh.obj : error LNK2001: unresolved external symbol __imp___glewVertexAttribPointer
mesh.obj : error LNK2001: unresolved external symbol __imp___glewBindBuffer
mesh.obj : error LNK2001: unresolved external symbol __imp___glewDeleteVertexArrays
mesh.obj : error LNK2001: unresolved external symbol __imp___glewBufferData
mesh.obj : error LNK2001: unresolved external symbol __imp___glewGenVertexArrays
mesh.obj : error LNK2001: unresolved external symbol __imp___glewGenBuffers
Shader.obj : error LNK2001: unresolved external symbol __imp___glewUseProgram
Shader.obj : error LNK2001: unresolved external symbol __imp___glewGetShaderiv
Shader.obj : error LNK2001: unresolved external symbol __imp___glewCompileShader
Shader.obj : error LNK2001: unresolved external symbol __imp___glewCreateShader
Shader.obj : error LNK2001: unresolved external symbol __imp___glewBindAttribLocation
Shader.obj : error LNK2001: unresolved external symbol __imp___glewCreateProgram
Shader.obj : error LNK2001: unresolved external symbol __imp___glewGetShaderInfoLog
Shader.obj : error LNK2001: unresolved external symbol __imp___glewValidateProgram
Shader.obj : error LNK2001: unresolved external symbol __imp___glewGetProgramiv
Shader.obj : error LNK2001: unresolved external symbol __imp___glewGetUniformLocation
Shader.obj : error LNK2001: unresolved external symbol __imp___glewAttachShader
Shader.obj : error LNK2001: unresolved external symbol __imp___glewDeleteProgram
Shader.obj : error LNK2001: unresolved external symbol __imp___glewShaderSource
Shader.obj : error LNK2001: unresolved external symbol __imp___glewUniformMatrix4fv
Shader.obj : error LNK2001: unresolved external symbol __imp___glewDetachShader
Shader.obj : error LNK2001: unresolved external symbol __imp___glewGetProgramInfoLog
Shader.obj : error LNK2001: unresolved external symbol __imp___glewDeleteShader
Shader.obj : error LNK2001: unresolved external symbol __imp___glewLinkProgram
Texture.obj : error LNK2001: unresolved external symbol __imp___glewActiveTexture
MSVCRT.lib(exe_main.obj) : error LNK2001: unresolved external symbol main
C:\Users\plasm\OneDrive\documents\visual studio 2015\Projects\OpenGl\x64\Release\OpenGl.exe : fatal error LNK1120: 38 unresolved externals
