c:\users\plasm\onedrive\documents\visual studio 2015\projects\opengl\debug\opengl.bsc
c:\users\plasm\onedrive\documents\visual studio 2015\projects\opengl\opengl\debug\vc140.pdb
c:\users\plasm\onedrive\documents\visual studio 2015\projects\opengl\opengl\debug\vc140.idb
c:\users\plasm\onedrive\documents\visual studio 2015\projects\opengl\opengl\debug\transform.sbr
c:\users\plasm\onedrive\documents\visual studio 2015\projects\opengl\opengl\debug\texture.sbr
c:\users\plasm\onedrive\documents\visual studio 2015\projects\opengl\opengl\debug\shader.sbr
c:\users\plasm\onedrive\documents\visual studio 2015\projects\opengl\opengl\debug\obj_loader.sbr
c:\users\plasm\onedrive\documents\visual studio 2015\projects\opengl\opengl\debug\mesh.sbr
c:\users\plasm\onedrive\documents\visual studio 2015\projects\opengl\opengl\debug\main.sbr
c:\users\plasm\onedrive\documents\visual studio 2015\projects\opengl\opengl\debug\fileoutput.sbr
c:\users\plasm\onedrive\documents\visual studio 2015\projects\opengl\opengl\debug\display.sbr
c:\users\plasm\onedrive\documents\visual studio 2015\projects\opengl\opengl\debug\camera.sbr
c:\users\plasm\onedrive\documents\visual studio 2015\projects\opengl\opengl\debug\camera.obj
c:\users\plasm\onedrive\documents\visual studio 2015\projects\opengl\opengl\debug\display.obj
c:\users\plasm\onedrive\documents\visual studio 2015\projects\opengl\opengl\debug\fileoutput.obj
c:\users\plasm\onedrive\documents\visual studio 2015\projects\opengl\opengl\debug\main.obj
c:\users\plasm\onedrive\documents\visual studio 2015\projects\opengl\opengl\debug\mesh.obj
c:\users\plasm\onedrive\documents\visual studio 2015\projects\opengl\opengl\debug\obj_loader.obj
c:\users\plasm\onedrive\documents\visual studio 2015\projects\opengl\opengl\debug\shader.obj
c:\users\plasm\onedrive\documents\visual studio 2015\projects\opengl\opengl\debug\texture.obj
c:\users\plasm\onedrive\documents\visual studio 2015\projects\opengl\opengl\debug\transform.obj
c:\users\plasm\onedrive\documents\visual studio 2015\projects\opengl\opengl\debug\stb_image.sbr
c:\users\plasm\onedrive\documents\visual studio 2015\projects\opengl\opengl\debug\stb_image.obj
c:\users\plasm\onedrive\documents\visual studio 2015\projects\opengl\debug\opengl.ilk
c:\users\plasm\onedrive\documents\visual studio 2015\projects\opengl\debug\opengl.exe
c:\users\plasm\onedrive\documents\visual studio 2015\projects\opengl\debug\opengl.pdb
c:\users\plasm\onedrive\documents\visual studio 2015\projects\opengl\opengl\debug\opengl.tlog\bscmake.command.1.tlog
c:\users\plasm\onedrive\documents\visual studio 2015\projects\opengl\opengl\debug\opengl.tlog\bscmake.read.1.tlog
c:\users\plasm\onedrive\documents\visual studio 2015\projects\opengl\opengl\debug\opengl.tlog\bscmake.write.1.tlog
c:\users\plasm\onedrive\documents\visual studio 2015\projects\opengl\opengl\debug\opengl.tlog\cl.command.1.tlog
c:\users\plasm\onedrive\documents\visual studio 2015\projects\opengl\opengl\debug\opengl.tlog\cl.read.1.tlog
c:\users\plasm\onedrive\documents\visual studio 2015\projects\opengl\opengl\debug\opengl.tlog\cl.write.1.tlog
c:\users\plasm\onedrive\documents\visual studio 2015\projects\opengl\opengl\debug\opengl.tlog\link.command.1.tlog
c:\users\plasm\onedrive\documents\visual studio 2015\projects\opengl\opengl\debug\opengl.tlog\link.read.1.tlog
c:\users\plasm\onedrive\documents\visual studio 2015\projects\opengl\opengl\debug\opengl.tlog\link.write.1.tlog
